c:\users\kenneth\desktop\proyecto de progra\main\x64\debug\vc143.pdb
c:\users\kenneth\desktop\proyecto de progra\main\x64\debug\vc143.idb
c:\users\kenneth\desktop\proyecto de progra\main\x64\debug\seat.obj
c:\users\kenneth\desktop\proyecto de progra\main\x64\debug\schedule.obj
c:\users\kenneth\desktop\proyecto de progra\main\x64\debug\sale.obj
c:\users\kenneth\desktop\proyecto de progra\main\x64\debug\room.obj
c:\users\kenneth\desktop\proyecto de progra\main\x64\debug\movie.obj
c:\users\kenneth\desktop\proyecto de progra\main\x64\debug\main.obj
c:\users\kenneth\desktop\proyecto de progra\main\x64\debug\cinema.obj
c:\users\kenneth\desktop\proyecto de progra\main\x64\debug\booking.obj
c:\users\kenneth\desktop\proyecto de progra\x64\debug\main.exe
c:\users\kenneth\desktop\proyecto de progra\main\x64\debug\main.ilk
c:\users\kenneth\desktop\proyecto de progra\x64\debug\main.pdb
c:\users\kenneth\desktop\proyecto de progra\main\x64\debug\main.tlog\cl.command.1.tlog
c:\users\kenneth\desktop\proyecto de progra\main\x64\debug\main.tlog\cl.items.tlog
c:\users\kenneth\desktop\proyecto de progra\main\x64\debug\main.tlog\cl.read.1.tlog
c:\users\kenneth\desktop\proyecto de progra\main\x64\debug\main.tlog\cl.write.1.tlog
c:\users\kenneth\desktop\proyecto de progra\main\x64\debug\main.tlog\link.command.1.tlog
c:\users\kenneth\desktop\proyecto de progra\main\x64\debug\main.tlog\link.read.1.tlog
c:\users\kenneth\desktop\proyecto de progra\main\x64\debug\main.tlog\link.write.1.tlog
